{"type":"instant_job_match_send_subscriber","host":"b77031cbd7c0","ts_unix_ms":1485673289583,"uid":"0aa169a9-5fd8-4d70-916a-a45ea4f69ac0","attr":{"status":"NORECOMMENDATION","visitor_id":"31f3a7da-aab6-48c9-8529-43ac6bb82220","api_response_time":691.526283}}
{"type":"instant_job_match_send_subscriber","host":"b77031cbd7c0","ts_unix_ms":1485673289663,"uid":"de82f4dc-8984-4124-8979-b41c350842cc","attr":{"status":"NORECOMMENDATION","visitor_id":"c267001f-b2ad-4cab-8c43-d425821b12e1","api_response_time":786.305387}}
{"type":"instant_job_match_send_subscriber","host":"b77031cbd7c0","ts_unix_ms":1485673289684,"uid":"06c333dd-fef3-41a5-8985-9f853b0f332c","attr":{"status":"NORECOMMENDATION","visitor_id":"5c85d774-edc5-4f8b-a6ef-915e677171ca","api_response_time":826.56714}}
{"type":"instant_job_match_send_subscriber","host":"b77031cbd7c0","ts_unix_ms":1485673289687,"uid":"eb3843b5-e419-4a14-b3a2-df262f433fec","attr":{"status":"NORECOMMENDATION","visitor_id":"47f6691c-c59a-4f59-b8fe-af1fac0585f7","api_response_time":784.350922}}
{"type":"instant_job_match_send_subscriber","host":"b77031cbd7c0","ts_unix_ms":1485673289721,"uid":"43db836e-1929-4eb1-9002-f90eb4e8ad3a","attr":{"status":"NORECOMMENDATION","visitor_id":"cc56b6d6-af10-49be-9e28-d765d786acf5","api_response_time":850.144207}}
{"type":"instant_job_match_send_subscriber","host":"b77031cbd7c0","ts_unix_ms":1485673289793,"uid":"834c94ac-4262-4550-acc6-7ff301d41cc9","attr":{"status":"NORECOMMENDATION","visitor_id":"cdd30eac-91be-4182-aa27-93eab83ad85b","api_response_time":929.309685}}
{"type":"instant_job_match_send_subscriber","host":"b77031cbd7c0","ts_unix_ms":1485673289793,"uid":"d20482d0-a8bd-4af1-8999-72ac9373409f","attr":{"status":"NORECOMMENDATION","visitor_id":"d4037976-aed1-4d60-84f1-0a773a8fe184","api_response_time":902.958235}}
{"type":"instant_job_match_send_subscriber","host":"b77031cbd7c0","ts_unix_ms":1485673289796,"uid":"d8385dd8-3652-4322-bd36-02ad8dc8ea67","attr":{"status":"NORECOMMENDATION","visitor_id":"d64eccf2-0742-46e4-ac34-e3de185ee1d2","api_response_time":888.884088}}
{"type":"instant_job_match_send_subscriber","host":"b77031cbd7c0","ts_unix_ms":1485673289803,"uid":"05283975-38e1-4724-8011-0a0217da144a","attr":{"status":"NORECOMMENDATION","visitor_id":"2adeaaac-4fcc-4682-92b3-ce8f2171c1dd","api_response_time":951.481983}}
{"type":"instant_job_match_send_subscriber","host":"b77031cbd7c0","ts_unix_ms":1485673289829,"uid":"69480a0e-3dad-412f-935f-8e4c5afa2724","attr":{"status":"NORECOMMENDATION","visitor_id":"3d0bda13-0289-430b-a511-a32febd6153e","api_response_time":920.620934}}
{"type":"instant_job_match_send_subscriber","host":"b77031cbd7c0","ts_unix_ms":1485673289841,"uid":"0503d305-e26b-48be-a030-4ad5c97f3d57","attr":{"status":"NORECOMMENDATION","visitor_id":"dae68e4f-447d-408d-9a0f-9846b11bf32d","api_response_time":150.55513}}
{"type":"instant_job_match_send_subscriber","host":"b77031cbd7c0","ts_unix_ms":1485673289846,"uid":"657493f6-4f74-4cad-b4bb-211e49c78257","attr":{"status":"NORECOMMENDATION","visitor_id":"dd4b38b2-2b37-4f84-96ea-285a34e4af2a","api_response_time":958.184377}}
{"type":"instant_job_match_send_subscriber","host":"b77031cbd7c0","ts_unix_ms":1485673289927,"uid":"f4883794-ab02-4560-bab2-2860c1d3ae91","attr":{"status":"NORECOMMENDATION","visitor_id":"94b0dcc8-9f89-4227-bcd9-20c6538eeb8e","api_response_time":8.162043}}
{"type":"instant_job_match_send_subscriber","host":"b77031cbd7c0","ts_unix_ms":1485673289958,"uid":"66f144dd-433b-4d6a-9c05-11b61715f121","attr":{"status":"NORECOMMENDATION","visitor_id":"e32b5e83-12a3-4406-83fe-a6fc2061e376","api_response_time":45.362132}}
{"type":"instant_job_match_send_subscriber","host":"b77031cbd7c0","ts_unix_ms":1485673289991,"uid":"e223561f-d240-4df0-9e47-ad93e607f2aa","attr":{"status":"NORECOMMENDATION","visitor_id":"b991952d-5342-4795-99c9-d737663d0fac","api_response_time":75.0308}}
{"type":"instant_job_match_send_subscriber","host":"b77031cbd7c0","ts_unix_ms":1485673290010,"uid":"ad89d2bc-e0b8-4c38-9faf-e2a695982ae8","attr":{"status":"NORECOMMENDATION","visitor_id":"d31e9949-d386-4035-8899-77ef8d8806ca","api_response_time":205.553731}}
{"type":"instant_job_match_send_subscriber","host":"b77031cbd7c0","ts_unix_ms":1485673290037,"uid":"28d16413-43db-4228-9a24-90fdaf630c4a","attr":{"status":"NORECOMMENDATION","visitor_id":"0310b913-6755-4484-abc1-1e1101dbf755","api_response_time":183.298165}}
{"type":"instant_job_match_send_subscriber","host":"b77031cbd7c0","ts_unix_ms":1485673290070,"uid":"e3f8aeba-9604-4fc4-9cbf-605d4e6bbf7f","attr":{"status":"NORECOMMENDATION","visitor_id":"56ddbe6d-e37e-49a4-b3ae-a40e581e6e84","api_response_time":190.390028}}
{"type":"instant_job_match_send_subscriber","host":"b77031cbd7c0","ts_unix_ms":1485673290073,"uid":"c6837aad-1bf9-43c4-8fd8-ac3138143847","attr":{"status":"NORECOMMENDATION","visitor_id":"25024ea5-368c-4388-98f3-af0244388dfd","api_response_time":213.905023}}
{"type":"instant_job_match_send_subscriber","host":"b77031cbd7c0","ts_unix_ms":1485673290096,"uid":"f86e7455-ce3b-4715-99d9-784078b84d59","attr":{"status":"NORECOMMENDATION","visitor_id":"8a373661-0759-4566-85f5-acda40ce225f","api_response_time":172.627392}}
{"type":"instant_job_match_send_subscriber","host":"b77031cbd7c0","ts_unix_ms":1485673290098,"uid":"4d76a0b3-8c0a-409f-999d-8d3743975b03","attr":{"status":"MESSAGESENT","visitor_id":"84569c8b-e788-42c7-9b9c-df8e1063431f","vac_ref":"957457880","registration_site":"UK","api_response_time":230.967203}}
{"type":"instant_job_match_send_subscriber","host":"b77031cbd7c0","ts_unix_ms":1485673290099,"uid":"c63b5528-1905-4ae4-8b67-51e69768ade1","attr":{"status":"MESSAGESENT","visitor_id":"84569c8b-e788-42c7-9b9c-df8e1063431f","vac_ref":"957457880","registration_site":"UK","api_response_time":231.180741}}
{"type":"instant_job_match_send_subscriber","host":"b77031cbd7c0","ts_unix_ms":1485673290115,"uid":"0094d8c0-f9cb-4303-858c-5800900c97d2","attr":{"status":"NORECOMMENDATION","visitor_id":"873b70f2-686b-44c1-b840-df04ae22630a","api_response_time":274.700723}}
{"type":"instant_job_match_send_subscriber","host":"b77031cbd7c0","ts_unix_ms":1485673290120,"uid":"3cdf8120-d1ac-4d86-b530-58cd45d92183","attr":{"status":"NORECOMMENDATION","visitor_id":"8de2e93e-628c-478f-aaef-b5dcb8b849bf","api_response_time":223.201957}}
{"type":"instant_job_match_send_subscriber","host":"b77031cbd7c0","ts_unix_ms":1485673290197,"uid":"b3804b92-5824-4347-9d44-076a88a2eb93","attr":{"status":"NORECOMMENDATION","visitor_id":"483e8d1e-b1c1-4992-ae34-f2d2caf711ca","api_response_time":387.584329}}
{"type":"instant_job_match_send_subscriber","host":"b77031cbd7c0","ts_unix_ms":1485673290206,"uid":"54bcfe18-3ee1-4dea-a47f-fbbe70107e27","attr":{"status":"NORECOMMENDATION","visitor_id":"cff5bb8c-0795-4648-b0c4-150d13b264b5","api_response_time":207.808581}}
{"type":"instant_job_match_send_subscriber","host":"b77031cbd7c0","ts_unix_ms":1485673290222,"uid":"aaa8f91b-5626-408a-aac6-2c98c0b72fe6","attr":{"status":"NORECOMMENDATION","visitor_id":"2368be61-43b6-466d-9a2e-b460f835d531","api_response_time":523.708573}}
{"type":"instant_job_match_send_subscriber","host":"b77031cbd7c0","ts_unix_ms":1485673290226,"uid":"3a7be475-521c-40e6-becc-8dcd12441110","attr":{"status":"NORECOMMENDATION","visitor_id":"99559cab-54d1-4744-9efb-087e51373f48","api_response_time":428.029438}}
{"type":"instant_job_match_send_subscriber","host":"b77031cbd7c0","ts_unix_ms":1485673290268,"uid":"7a000f91-10de-4c35-89c9-45c5814fa6f2","attr":{"status":"NORECOMMENDATION","visitor_id":"a8a8c9ec-9d1d-4d54-bf1b-9b0901e1dafa","api_response_time":224.621693}}
{"type":"instant_job_match_send_subscriber","host":"b77031cbd7c0","ts_unix_ms":1485673290274,"uid":"12d9356c-396c-4fb0-ab54-bb8c9e351ddd","attr":{"status":"NORECOMMENDATION","visitor_id":"37bbe229-6c4a-4812-89f2-1c517627614a","api_response_time":685.084042}}
{"type":"instant_job_match_send_subscriber","host":"b77031cbd7c0","ts_unix_ms":1485673290283,"uid":"80f8f1d3-a78d-4c7a-9656-faa8db7c8fbb","attr":{"status":"NORECOMMENDATION","visitor_id":"5d9527a5-1826-4de0-a5bc-a520e84eec97","api_response_time":349.80521}}
{"type":"instant_job_match_send_subscriber","host":"b77031cbd7c0","ts_unix_ms":1485673290309,"uid":"ed6bc404-7344-4605-a7a6-a32a30312cd8","attr":{"status":"NORECOMMENDATION","visitor_id":"c79d2f20-f848-4e4f-b746-05da2ec30479","api_response_time":435.184314}}
{"type":"instant_job_match_send_subscriber","host":"b77031cbd7c0","ts_unix_ms":1485673290347,"uid":"ce5b477b-014c-4983-ba8f-84e19c6a2b05","attr":{"status":"NORECOMMENDATION","visitor_id":"c9ab7167-f2fc-4281-8261-1374801912f1","api_response_time":614.650697}}
{"type":"instant_job_match_send_subscriber","host":"b77031cbd7c0","ts_unix_ms":1485673290362,"uid":"b5a0e16a-140e-4299-a34a-45a7f095be45","attr":{"status":"NORECOMMENDATION","visitor_id":"c6046643-439e-4138-9f59-de1c5346ce7a","api_response_time":396.107288}}
{"type":"instant_job_match_send_subscriber","host":"b77031cbd7c0","ts_unix_ms":1485673290368,"uid":"71857f60-e2c9-4039-a575-a08cd3d54766","attr":{"status":"NORECOMMENDATION","visitor_id":"46029586-1270-4139-ac28-a8c08f291207","api_response_time":260.833743}}
{"type":"instant_job_match_send_subscriber","host":"b77031cbd7c0","ts_unix_ms":1485673290433,"uid":"518365ab-4235-4078-a587-44eaca319361","attr":{"status":"NORECOMMENDATION","visitor_id":"129e01eb-b191-424c-9921-670b8ace8da4","api_response_time":586.423642}}
{"type":"instant_job_match_send_subscriber","host":"b77031cbd7c0","ts_unix_ms":1485673290434,"uid":"e0619a7d-19e9-448c-822b-3473b452067c","attr":{"status":"NORECOMMENDATION","visitor_id":"7dd54313-eb82-4b0c-b484-edaba43404b8","api_response_time":132.279315}}
{"type":"instant_job_match_send_subscriber","host":"b77031cbd7c0","ts_unix_ms":1485673290437,"uid":"bb4f3475-1c1e-4fd6-91a3-4838b1f55b25","attr":{"status":"NORECOMMENDATION","visitor_id":"55e55bf4-0929-4262-b30b-eeb3f28b4dd5","api_response_time":147.822047}}
{"type":"instant_job_match_send_subscriber","host":"b77031cbd7c0","ts_unix_ms":1485673290439,"uid":"f496359f-3199-40a5-a234-e77b90fd377f","attr":{"status":"NORECOMMENDATION","visitor_id":"e4b7f367-f90b-4efc-9997-4ba89c0105c0","api_response_time":603.220972}}
{"type":"instant_job_match_send_subscriber","host":"b77031cbd7c0","ts_unix_ms":1485673290449,"uid":"2eeb57c3-63ca-40ce-942f-bb0754387cdc","attr":{"status":"MESSAGESENT","visitor_id":"2c23305f-12f9-45d9-bdec-a9981c74a6a3","vac_ref":"957457880","registration_site":"UK","api_response_time":523.774903}}
{"type":"instant_job_match_send_subscriber","host":"b77031cbd7c0","ts_unix_ms":1485673290449,"uid":"d882f9c0-a36b-45c3-ae37-036f6f3ed113","attr":{"status":"MESSAGESENT","visitor_id":"2c23305f-12f9-45d9-bdec-a9981c74a6a3","vac_ref":"957457880","registration_site":"UK","api_response_time":523.94436}}
{"type":"instant_job_match_send_subscriber","host":"b77031cbd7c0","ts_unix_ms":1485673290452,"uid":"ee2fdfde-a67f-4453-aae5-cce0c38eb397","attr":{"status":"NORECOMMENDATION","visitor_id":"c9c14ea7-066b-4026-9d07-0ae4e0cdf001","api_response_time":324.311724}}
{"type":"instant_job_match_send_subscriber","host":"b77031cbd7c0","ts_unix_ms":1485673290471,"uid":"5c0edd78-3549-414c-8a45-297940a692eb","attr":{"status":"NORECOMMENDATION","visitor_id":"a6fe9c3f-b0e6-4e32-9e63-df75803c2663","api_response_time":798.640392}}
{"type":"instant_job_match_send_subscriber","host":"b77031cbd7c0","ts_unix_ms":1485673290480,"uid":"c7f30449-ba61-4d94-911e-2cf806376a86","attr":{"status":"NORECOMMENDATION","visitor_id":"7d8ee335-c979-4abd-aaad-2e7ba455e6cd","api_response_time":394.39967}}
{"type":"instant_job_match_send_subscriber","host":"b77031cbd7c0","ts_unix_ms":1485673290519,"uid":"ca665892-8dd1-472d-b634-b2c714a610ce","attr":{"status":"NORECOMMENDATION","visitor_id":"b73a7374-427e-4520-b72b-f4263be03d7f","api_response_time":136.935036}}
{"type":"instant_job_match_send_subscriber","host":"b77031cbd7c0","ts_unix_ms":1485673290548,"uid":"bfc2b12c-bc2b-4f8c-b605-c3fdef4a0ace","attr":{"status":"NORECOMMENDATION","visitor_id":"5a090260-c4a8-4c02-8cee-491baa37d06c","api_response_time":193.531841}}
{"type":"instant_job_match_send_subscriber","host":"b77031cbd7c0","ts_unix_ms":1485673290556,"uid":"e203a6b6-040c-4d55-a773-e422b4b46b8b","attr":{"status":"NORECOMMENDATION","visitor_id":"5b936105-79a6-411c-ac3a-a83fcdd39b84","api_response_time":277.386929}}
{"type":"instant_job_match_send_subscriber","host":"b77031cbd7c0","ts_unix_ms":1485673290593,"uid":"f164a526-e0fd-41a0-93be-3ec699fec2ba","attr":{"status":"NORECOMMENDATION","visitor_id":"7a108caf-0394-48ab-8b75-1ad7f3847bde","api_response_time":126.313038}}
{"type":"instant_job_match_send_subscriber","host":"b77031cbd7c0","ts_unix_ms":1485673290611,"uid":"0d631d8e-2ecf-472a-b951-1563310b3e4e","attr":{"status":"NORECOMMENDATION","visitor_id":"a6780783-ab41-4fd1-8029-d538c411bdc4","api_response_time":379.280066}}
{"type":"instant_job_match_send_subscriber","host":"b77031cbd7c0","ts_unix_ms":1485673290648,"uid":"92365f4c-2954-42ce-b667-7ad7c409022f","attr":{"status":"NORECOMMENDATION","visitor_id":"b4e18972-ad5f-48f2-8bcc-ce868d772633","api_response_time":519.164694}}
{"type":"instant_job_match_send_subscriber","host":"b77031cbd7c0","ts_unix_ms":1485673290693,"uid":"004473ed-396d-4d04-b2aa-cffef3042e94","attr":{"status":"NORECOMMENDATION","visitor_id":"dca65d79-473b-47d3-8ac1-61e239ac5362","api_response_time":475.424782}}
{"type":"instant_job_match_send_subscriber","host":"b77031cbd7c0","ts_unix_ms":1485673290715,"uid":"34311e18-4bdd-4a56-87b3-e873728ab492","attr":{"status":"NORECOMMENDATION","visitor_id":"125c4ec6-a55f-424c-897d-85c42854eb54","api_response_time":342.477044}}
{"type":"instant_job_match_send_subscriber","host":"b77031cbd7c0","ts_unix_ms":1485673290723,"uid":"6c43acd1-c834-4d63-96c0-42b801ab81ce","attr":{"status":"NORECOMMENDATION","visitor_id":"a8f4752f-00dc-401a-b367-cca0db0fcb7c","api_response_time":920.108493}}
{"type":"instant_job_match_send_subscriber","host":"b77031cbd7c0","ts_unix_ms":1485673290755,"uid":"f87313f6-0f87-4ffa-a749-edd152b197db","attr":{"status":"NORECOMMENDATION","visitor_id":"88f4f989-71ad-4579-857e-f115b57cb147","api_response_time":197.624641}}
{"type":"instant_job_match_send_subscriber","host":"b77031cbd7c0","ts_unix_ms":1485673290783,"uid":"9d647dbb-3a10-459d-ae43-0c376fb41ae9","attr":{"status":"NORECOMMENDATION","visitor_id":"d45d3369-1825-48bd-a926-6ca47110c454","api_response_time":465.586763}}
{"type":"instant_job_match_send_subscriber","host":"b77031cbd7c0","ts_unix_ms":1485673290813,"uid":"951c537c-0d7c-41a8-bfbc-6ae497adb31d","attr":{"status":"NORECOMMENDATION","visitor_id":"cbdd6660-9853-48d8-addf-e5999acd654d","api_response_time":369.200014}}
{"type":"instant_job_match_send_subscriber","host":"b77031cbd7c0","ts_unix_ms":1485673290823,"uid":"750141ad-95bd-4a4f-a900-ce3de3bbdac0","attr":{"status":"NORECOMMENDATION","visitor_id":"36c2248b-9f77-4592-8275-6c5665ba4f87","api_response_time":578.131272}}
{"type":"instant_job_match_send_subscriber","host":"b77031cbd7c0","ts_unix_ms":1485673290844,"uid":"803dcf54-8a77-4d5e-86e9-0b38f2553da8","attr":{"status":"NORECOMMENDATION","visitor_id":"750868b2-c622-4a55-97e9-cd4d95c19809","api_response_time":275.57401}}
{"type":"instant_job_match_send_subscriber","host":"b77031cbd7c0","ts_unix_ms":1485673290845,"uid":"24c2a2f5-957e-438f-81fc-e44ea46359bd","attr":{"status":"NORECOMMENDATION","visitor_id":"38a9c600-9425-44ec-a86c-21b111bfa6a5","api_response_time":392.918201}}
{"type":"instant_job_match_send_subscriber","host":"b77031cbd7c0","ts_unix_ms":1485673290849,"uid":"aa9c5eec-1ae4-45a5-9cfb-c1d5ad3e27ff","attr":{"status":"NORECOMMENDATION","visitor_id":"3fd6edd0-8421-4655-8335-24ef5c2202ba","api_response_time":317.665851}}
{"type":"instant_job_match_send_subscriber","host":"b77031cbd7c0","ts_unix_ms":1485673290851,"uid":"f65bd1b1-adc5-4e64-900b-d73425e15e8e","attr":{"status":"NORECOMMENDATION","visitor_id":"28474a25-d893-499b-8f24-8c2e73bf6fd4","api_response_time":730.55378}}
{"type":"instant_job_match_send_subscriber","host":"b77031cbd7c0","ts_unix_ms":1485673290852,"uid":"1954fd61-5148-45e6-8011-738f88aab123","attr":{"status":"NORECOMMENDATION","visitor_id":"743450b9-fad8-4ef5-b0e4-c057e3bdd687","api_response_time":248.346054}}
{"type":"instant_job_match_send_subscriber","host":"b77031cbd7c0","ts_unix_ms":1485673290902,"uid":"442e818a-5914-4bf7-bfcd-1b8b63b7e6a5","attr":{"status":"MESSAGESENT","visitor_id":"c2911083-b16c-4590-b4bb-48842a67fa35","vac_ref":"957457880","registration_site":"UK","api_response_time":885.592427}}
{"type":"instant_job_match_send_subscriber","host":"b77031cbd7c0","ts_unix_ms":1485673290902,"uid":"b80e1b54-6cbd-4403-9d3c-ad53a8f45780","attr":{"status":"MESSAGESENT","visitor_id":"c2911083-b16c-4590-b4bb-48842a67fa35","vac_ref":"957457880","registration_site":"UK","api_response_time":885.765931}}
{"type":"instant_job_match_send_subscriber","host":"b77031cbd7c0","ts_unix_ms":1485673290968,"uid":"749eff03-b1aa-4e79-b571-435a355ae33f","attr":{"status":"NORECOMMENDATION","visitor_id":"b56e29db-8078-4885-8eac-d816c8d29e7f","api_response_time":512.192158}}
{"type":"instant_job_match_send_subscriber","host":"b77031cbd7c0","ts_unix_ms":1485673291008,"uid":"efbe9fda-5fb9-4fd0-8e45-3f4f1ddeb0dd","attr":{"status":"NORECOMMENDATION","visitor_id":"a4a07811-fad5-4e5f-aac9-930deba89fdd","api_response_time":385.871076}}
{"type":"instant_job_match_send_subscriber","host":"b77031cbd7c0","ts_unix_ms":1485673291011,"uid":"348dae1e-f653-4e95-be38-167ddc197db5","attr":{"status":"MESSAGESENT","visitor_id":"3bd84a91-deec-4418-9063-bfc09251cdf4","vac_ref":"957457880","registration_site":"UK","api_response_time":287.260129}}
{"type":"instant_job_match_send_subscriber","host":"b77031cbd7c0","ts_unix_ms":1485673291012,"uid":"8eddccc1-3b43-405f-8bf1-1f79026b7b97","attr":{"status":"MESSAGESENT","visitor_id":"3bd84a91-deec-4418-9063-bfc09251cdf4","vac_ref":"957457880","registration_site":"UK","api_response_time":287.460062}}
{"type":"instant_job_match_send_subscriber","host":"b77031cbd7c0","ts_unix_ms":1485673291038,"uid":"a46759c2-7b40-46bc-9b66-286ccea668b0","attr":{"status":"NORECOMMENDATION","visitor_id":"56ad4dbb-c4d9-4307-b696-ec4bac1e82a0","api_response_time":183.512654}}
{"type":"instant_job_match_send_subscriber","host":"b77031cbd7c0","ts_unix_ms":1485673291051,"uid":"9951ba49-c180-4a32-a477-dad0422513db","attr":{"status":"NORECOMMENDATION","visitor_id":"54b839ac-486a-4570-924f-526f54708835","api_response_time":569.754772}}
{"type":"instant_job_match_send_subscriber","host":"b77031cbd7c0","ts_unix_ms":1485673291052,"uid":"884963ff-f912-4b24-ae9c-c87941e2d084","attr":{"status":"NORECOMMENDATION","visitor_id":"58e93be4-7616-4fb0-abca-8e11363feb4b","api_response_time":394.583666}}
{"type":"instant_job_match_send_subscriber","host":"b77031cbd7c0","ts_unix_ms":1485673291066,"uid":"cc3ec4e8-376d-477a-aa7c-790d9d78d971","attr":{"status":"NORECOMMENDATION","visitor_id":"12d87e21-e88f-4746-ba2e-250678a46063","api_response_time":611.819301}}
{"type":"instant_job_match_send_subscriber","host":"b77031cbd7c0","ts_unix_ms":1485673291110,"uid":"617085f0-92bb-4117-ac83-bf36836d0d7c","attr":{"status":"NORECOMMENDATION","visitor_id":"9e804536-2f2e-4b8f-a861-e0b21162391f","api_response_time":405.601401}}
{"type":"instant_job_match_send_subscriber","host":"b77031cbd7c0","ts_unix_ms":1485673291129,"uid":"414d3031-a086-4977-99e6-dcf519e521bd","attr":{"status":"NORECOMMENDATION","visitor_id":"c7d0cd5d-2bb8-4822-ab4d-dd91a22dc2d3","api_response_time":155.377243}}
{"type":"instant_job_match_send_subscriber","host":"b77031cbd7c0","ts_unix_ms":1485673291153,"uid":"8a5278ca-4dfe-4ad8-80a5-705df0f8aa0e","attr":{"status":"NORECOMMENDATION","visitor_id":"478b1c3f-9dcb-4a04-a889-c93d110f5250","api_response_time":126.68712}}
{"type":"instant_job_match_send_subscriber","host":"b77031cbd7c0","ts_unix_ms":1485673291174,"uid":"7708b04c-fcab-446a-95ab-5624bccbe21f","attr":{"status":"NORECOMMENDATION","visitor_id":"af843587-65b1-43c3-81f3-5b29b38f1e4a","api_response_time":198.960361}}
{"type":"instant_job_match_send_subscriber","host":"b77031cbd7c0","ts_unix_ms":1485673291203,"uid":"b678a03a-4b66-42e1-927e-0d838cf0f3bb","attr":{"status":"NORECOMMENDATION","visitor_id":"9ebfcd46-4c4d-4ff2-903b-d12f012d81cc","api_response_time":234.228615}}
{"type":"instant_job_match_send_subscriber","host":"b77031cbd7c0","ts_unix_ms":1485673291267,"uid":"479c7662-a794-4769-a3db-84a76393d25d","attr":{"status":"NORECOMMENDATION","visitor_id":"8d0622a1-5686-408f-8f8d-9616c2cd7289","api_response_time":803.891086}}
{"type":"instant_job_match_send_subscriber","host":"b77031cbd7c0","ts_unix_ms":1485673291266,"uid":"eabb7827-b36d-40a3-a075-edba0d00fcb4","attr":{"status":"NORECOMMENDATION","visitor_id":"85a142a3-76fe-4a5b-82bc-9a6246163fa2","api_response_time":289.493283}}
{"type":"instant_job_match_send_subscriber","host":"b77031cbd7c0","ts_unix_ms":1485673291268,"uid":"e1c098b3-90c2-45c7-a66b-e3f021ddf05f","attr":{"status":"NORECOMMENDATION","visitor_id":"9c87ebb2-5979-4815-b8d8-633637490c86","api_response_time":190.41182}}
{"type":"instant_job_match_send_subscriber","host":"b77031cbd7c0","ts_unix_ms":1485673291282,"uid":"aa50d161-5936-4ae4-8445-099bdc5127d0","attr":{"status":"NORECOMMENDATION","visitor_id":"c4e0ddc8-e3d8-4385-a0e8-981725f24da2","api_response_time":224.081236}}
{"type":"instant_job_match_send_subscriber","host":"b77031cbd7c0","ts_unix_ms":1485673291336,"uid":"bbad15d6-22c3-4a08-abc8-4d7d41800d09","attr":{"status":"NORECOMMENDATION","visitor_id":"1865c690-5ca6-4587-8f13-4c7abb891e92","api_response_time":289.220544}}
{"type":"instant_job_match_send_subscriber","host":"b77031cbd7c0","ts_unix_ms":1485673291376,"uid":"29207a98-0322-40dc-853d-f1b315cfb03d","attr":{"status":"NORECOMMENDATION","visitor_id":"7a8ea8ff-61a1-49cd-b2c4-b7ef36fbe4d8","api_response_time":237.042771}}
{"type":"instant_job_match_send_subscriber","host":"b77031cbd7c0","ts_unix_ms":1485673291405,"uid":"9cf963da-a2d3-492f-922a-58519d44df37","attr":{"status":"NORECOMMENDATION","visitor_id":"1cdaf37b-75d1-47f9-8cd8-ae291a873fcd","api_response_time":221.156625}}
{"type":"instant_job_match_send_subscriber","host":"b77031cbd7c0","ts_unix_ms":1485673291413,"uid":"564b3c00-abbc-46e4-88fe-cea3634a7676","attr":{"status":"NORECOMMENDATION","visitor_id":"aad63246-dbd0-477e-a9af-5298c54fa0c1","api_response_time":924.444672}}
{"type":"instant_job_match_send_subscriber","host":"b77031cbd7c0","ts_unix_ms":1485673291429,"uid":"81013ece-e086-4f84-a28f-aa8fb3d909fe","attr":{"status":"MESSAGESENT","visitor_id":"8419ea5a-0b60-42fb-98aa-7864abf4c94e","vac_ref":"957457880","registration_site":"UK","api_response_time":221.339347}}
{"type":"instant_job_match_send_subscriber","host":"b77031cbd7c0","ts_unix_ms":1485673291429,"uid":"c7147be5-6047-4140-85be-f613d2eb7adc","attr":{"status":"MESSAGESENT","visitor_id":"8419ea5a-0b60-42fb-98aa-7864abf4c94e","vac_ref":"957457880","registration_site":"UK","api_response_time":221.639099}}
{"type":"instant_job_match_send_subscriber","host":"b77031cbd7c0","ts_unix_ms":1485673291431,"uid":"869d154a-744b-41dd-bf6b-a774ef7fc2a8","attr":{"status":"NORECOMMENDATION","visitor_id":"381c4d68-768c-4010-b955-6140d8680b0b","api_response_time":145.465988}}
{"type":"instant_job_match_send_subscriber","host":"b77031cbd7c0","ts_unix_ms":1485673291443,"uid":"70d36d6f-38f0-4e51-a314-dc88f01178ec","attr":{"status":"NORECOMMENDATION","visitor_id":"62269e31-5db9-42aa-ae3f-903d1842387c","api_response_time":166.797165}}
{"type":"instant_job_match_send_subscriber","host":"b77031cbd7c0","ts_unix_ms":1485673291456,"uid":"67831b2e-303d-4339-bac0-e709f0d6bca2","attr":{"status":"NORECOMMENDATION","visitor_id":"81e022d3-a0a1-406f-a717-e2332e377217","api_response_time":472.97899}}
{"type":"instant_job_match_send_subscriber","host":"b77031cbd7c0","ts_unix_ms":1485673291506,"uid":"bc721184-5c02-477b-b89a-8ac7581f6d8b","attr":{"status":"NORECOMMENDATION","visitor_id":"5904c945-e1c7-4add-a0ab-33890809a7b0","api_response_time":295.585583}}
{"type":"instant_job_match_send_subscriber","host":"b77031cbd7c0","ts_unix_ms":1485673291511,"uid":"eb5fec56-84bc-41cb-a2a2-b890ed347160","attr":{"status":"NORECOMMENDATION","visitor_id":"e416423a-6bd8-4855-9b74-8d133ea3c332","api_response_time":526.501976}}
{"type":"instant_job_match_send_subscriber","host":"b77031cbd7c0","ts_unix_ms":1485673291530,"uid":"42b97411-2084-48ba-80b7-89a5412a5fb5","attr":{"status":"NORECOMMENDATION","visitor_id":"dea32259-73e7-49b8-985b-14ff36c3be4e","api_response_time":524.919538}}
{"type":"instant_job_match_send_subscriber","host":"b77031cbd7c0","ts_unix_ms":1485673291546,"uid":"9caf9dcb-bc0c-46d3-83f3-b1788d367841","attr":{"status":"NORECOMMENDATION","visitor_id":"d54f921d-df80-41f6-9f41-b6ac6805be22","api_response_time":130.813039}}
{"type":"instant_job_match_send_subscriber","host":"b77031cbd7c0","ts_unix_ms":1485673291546,"uid":"fd9cd821-66c5-40dd-86e1-a7fbae4e47e0","attr":{"status":"NORECOMMENDATION","visitor_id":"85c273bc-e2d1-4532-a6d1-2092709d4322","api_response_time":528.262918}}
{"type":"instant_job_match_send_subscriber","host":"b77031cbd7c0","ts_unix_ms":1485673291559,"uid":"689deb68-2d8c-499e-bc31-b33dd1b21186","attr":{"status":"NORECOMMENDATION","visitor_id":"c66263a4-41dd-43a6-8ac9-c25cb9770535","api_response_time":270.291646}}
{"type":"instant_job_match_send_subscriber","host":"b77031cbd7c0","ts_unix_ms":1485673291567,"uid":"a5d3d8e8-f72b-4ae0-9f04-6587bfd8fd45","attr":{"status":"NORECOMMENDATION","visitor_id":"8b2bb3c3-4677-4120-8763-9300059e26f2","api_response_time":594.275693}}
{"type":"instant_job_match_send_subscriber","host":"b77031cbd7c0","ts_unix_ms":1485673291573,"uid":"5878530c-098b-484d-be9f-593ba5ad4f89","attr":{"status":"NORECOMMENDATION","visitor_id":"48d8e8dc-0e68-4d70-afbb-a714d2e352c1","api_response_time":289.119797}}
{"type":"instant_job_match_send_subscriber","host":"b77031cbd7c0","ts_unix_ms":1485673291576,"uid":"2be03b4b-8a7e-4fee-bb40-59943e649d52","attr":{"status":"NORECOMMENDATION","visitor_id":"b72203e7-1131-47f0-80ee-0122d29f4ef3","api_response_time":459.747973}}
{"type":"instant_job_match_send_subscriber","host":"b77031cbd7c0","ts_unix_ms":1485673291623,"uid":"8aafd3c7-f4ab-4474-85dc-2f680e9592d8","attr":{"status":"MESSAGESENT","visitor_id":"2cad4da2-2c84-47af-a5fe-5bdf30b81c7f","vac_ref":"957457880","registration_site":"UK","api_response_time":644.431651}}
